<?xml version="1.0" encoding="UTF-8"?>
<testng-results ignored="0" total="1" passed="1" failed="0" skipped="0">
  <reporter-output>
  </reporter-output>
  <suite started-at="2022-03-20T12:38:31 IST" name="Default suite" finished-at="2022-03-20T12:40:23 IST" duration-ms="112569">
    <groups>
    </groups>
    <test started-at="2022-03-20T12:38:31 IST" name="Default test" finished-at="2022-03-20T12:40:23 IST" duration-ms="112569">
      <class name="com.sgtesting.actitime.driverscript.DriverScript">
        <test-method is-config="true" signature="startAutomationSuite()[pri:0, instance:com.sgtesting.actitime.driverscript.DriverScript@57db2b13]" started-at="2022-03-20T12:38:31 IST" name="startAutomationSuite" finished-at="2022-03-20T12:38:31 IST" duration-ms="16" status="PASS">
          <reporter-output>
          </reporter-output>
        </test-method> <!-- startAutomationSuite -->
        <test-method is-config="true" signature="loadFiles()[pri:0, instance:com.sgtesting.actitime.driverscript.DriverScript@57db2b13]" started-at="2022-03-20T12:38:31 IST" name="loadFiles" finished-at="2022-03-20T12:38:31 IST" duration-ms="6" status="PASS">
          <reporter-output>
          </reporter-output>
        </test-method> <!-- loadFiles -->
        <test-method signature="executeTestScenarios()[pri:0, instance:com.sgtesting.actitime.driverscript.DriverScript@57db2b13]" started-at="2022-03-20T12:38:31 IST" name="executeTestScenarios" finished-at="2022-03-20T12:40:23 IST" duration-ms="112538" status="PASS">
          <reporter-output>
          </reporter-output>
        </test-method> <!-- executeTestScenarios -->
        <test-method is-config="true" signature="endAutomationSuite()[pri:0, instance:com.sgtesting.actitime.driverscript.DriverScript@57db2b13]" started-at="2022-03-20T12:40:23 IST" name="endAutomationSuite" finished-at="2022-03-20T12:40:23 IST" duration-ms="15" status="PASS">
          <reporter-output>
          </reporter-output>
        </test-method> <!-- endAutomationSuite -->
      </class> <!-- com.sgtesting.actitime.driverscript.DriverScript -->
    </test> <!-- Default test -->
  </suite> <!-- Default suite -->
</testng-results>
